# JRE version: Java(TM) SE Runtime Environment (17.0.12+8) (build 17.0.12+8-LTS-286)
# Java VM: Java HotSpot(TM) 64-Bit Server VM (17.0.12+8-LTS-286, mixed mode, sharing, tiered, compressed oops, compressed class ptrs, g1 gc, windows-amd64)
GC Precious Log:
 CPUs: 4 total, 4 available
 Memory: 4005M
 Large Page Support: Disabled
 NUMA Support: Disabled
 Compressed Oops: Enabled (32-bit)
 Heap Region Size: 1M
 Heap Min Capacity: 256M
 Heap Initial Capacity: 256M
 Heap Max Capacity: 512M
 Pre-touch: Disabled
 Parallel Workers: 4
 Concurrent Workers: 1
 Concurrent Refinement Workers: 4
 Periodic GC: Disabled
Heap:
 garbage-first heap   total 262144K, used 137439K [0x00000000e0000000, 0x0000000100000000)
  region size 1024K, 111 young (113664K), 3 survivors (3072K)
 Metaspace       used 34757K, committed 35136K, reserved 393216K
  class space    used 4807K, committed 4992K, reserved 327680K
GC Heap History (8 events):
Event: 1.353 GC heap before
{Heap before GC invocations=0 (full 0):
 garbage-first heap   total 262144K, used 13312K [0x00000000e0000000, 0x0000000100000000)
  region size 1024K, 13 young (13312K), 0 survivors (0K)
 Metaspace       used 769K, committed 896K, reserved 393216K
  class space    used 61K, committed 128K, reserved 327680K
}
Event: 1.372 GC heap after
{Heap after GC invocations=1 (full 0):
 garbage-first heap   total 262144K, used 1184K [0x00000000e0000000, 0x0000000100000000)
  region size 1024K, 2 young (2048K), 2 survivors (2048K)
 Metaspace       used 769K, committed 896K, reserved 393216K
  class space    used 61K, committed 128K, reserved 327680K
}
Event: 3.390 GC heap before
{Heap before GC invocations=1 (full 0):
 garbage-first heap   total 262144K, used 23712K [0x00000000e0000000, 0x0000000100000000)
  region size 1024K, 21 young (21504K), 2 survivors (2048K)
 Metaspace       used 1824K, committed 1984K, reserved 393216K
  class space    used 168K, committed 256K, reserved 327680K
}
Event: 3.396 GC heap after
{Heap after GC invocations=2 (full 0):
 garbage-first heap   total 262144K, used 9942K [0x00000000e0000000, 0x0000000100000000)
  region size 1024K, 3 young (3072K), 3 survivors (3072K)
 Metaspace       used 1824K, committed 1984K, reserved 393216K
  class space    used 168K, committed 256K, reserved 327680K
}
Event: 20.754 GC heap before
{Heap before GC invocations=2 (full 0):
 garbage-first heap   total 262144K, used 165590K [0x00000000e0000000, 0x0000000100000000)
  region size 1024K, 153 young (156672K), 3 survivors (3072K)
 Metaspace       used 17923K, committed 18240K, reserved 393216K
  class space    used 2570K, committed 2752K, reserved 327680K
}
Event: 20.776 GC heap after
{Heap after GC invocations=3 (full 0):
 garbage-first heap   total 262144K, used 21636K [0x00000000e0000000, 0x0000000100000000)
  region size 1024K, 14 young (14336K), 14 survivors (14336K)
 Metaspace       used 17923K, committed 18240K, reserved 393216K
  class space    used 2570K, committed 2752K, reserved 327680K
}
Event: 23.595 GC heap before
{Heap before GC invocations=3 (full 0):
 garbage-first heap   total 262144K, used 51332K [0x00000000e0000000, 0x0000000100000000)
  region size 1024K, 44 young (45056K), 14 survivors (14336K)
 Metaspace       used 21184K, committed 21504K, reserved 393216K
  class space    used 3078K, committed 3264K, reserved 327680K
}
Event: 23.621 GC heap after
{Heap after GC invocations=4 (full 0):
 garbage-first heap   total 262144K, used 23775K [0x00000000e0000000, 0x0000000100000000)
  region size 1024K, 3 young (3072K), 3 survivors (3072K)
 Metaspace       used 21184K, committed 21504K, reserved 393216K
  class space    used 3078K, committed 3264K, reserved 327680K
}

