# JRE version: Java(TM) SE Runtime Environment (17.0.12+8) (build 17.0.12+8-LTS-286)
# Java VM: Java HotSpot(TM) 64-Bit Server VM (17.0.12+8-LTS-286, mixed mode, emulated-client, sharing, tiered, compressed oops, compressed class ptrs, g1 gc, windows-amd64)
GC Precious Log:
 CPUs: 4 total, 4 available
 Memory: 4005M
 Large Page Support: Disabled
 NUMA Support: Disabled
 Compressed Oops: Enabled (32-bit)
 Heap Region Size: 1M
 Heap Min Capacity: 8M
 Heap Initial Capacity: 64M
 Heap Max Capacity: 1002M
 Pre-touch: Disabled
 Parallel Workers: 4
 Concurrent Workers: 1
 Concurrent Refinement Workers: 4
 Periodic GC: Disabled
Heap:
 garbage-first heap   total 81920K, used 28792K [0x00000000c1600000, 0x0000000100000000)
  region size 1024K, 1 young (1024K), 1 survivors (1024K)
 Metaspace       used 73628K, committed 74304K, reserved 1114112K
  class space    used 10621K, committed 10880K, reserved 1048576K
GC Heap History (20 events):
Event: 730.235 GC heap after
{Heap after GC invocations=28 (full 1):
 garbage-first heap   total 66560K, used 29238K [0x00000000c1600000, 0x0000000100000000)
  region size 1024K, 3 young (3072K), 3 survivors (3072K)
 Metaspace       used 73067K, committed 73920K, reserved 1114112K
  class space    used 10555K, committed 10880K, reserved 1048576K
}
Event: 731.240 GC heap before
{Heap before GC invocations=28 (full 1):
 garbage-first heap   total 66560K, used 49718K [0x00000000c1600000, 0x0000000100000000)
  region size 1024K, 24 young (24576K), 3 survivors (3072K)
 Metaspace       used 73228K, committed 73984K, reserved 1114112K
  class space    used 10575K, committed 10880K, reserved 1048576K
}
Event: 731.251 GC heap after
{Heap after GC invocations=29 (full 1):
 garbage-first heap   total 66560K, used 31714K [0x00000000c1600000, 0x0000000100000000)
  region size 1024K, 3 young (3072K), 3 survivors (3072K)
 Metaspace       used 73228K, committed 73984K, reserved 1114112K
  class space    used 10575K, committed 10880K, reserved 1048576K
}
Event: 732.542 GC heap before
{Heap before GC invocations=29 (full 1):
 garbage-first heap   total 66560K, used 50146K [0x00000000c1600000, 0x0000000100000000)
  region size 1024K, 21 young (21504K), 3 survivors (3072K)
 Metaspace       used 73359K, committed 73984K, reserved 1114112K
  class space    used 10599K, committed 10880K, reserved 1048576K
}
Event: 732.595 GC heap after
{Heap after GC invocations=30 (full 1):
 garbage-first heap   total 66560K, used 33268K [0x00000000c1600000, 0x0000000100000000)
  region size 1024K, 2 young (2048K), 2 survivors (2048K)
 Metaspace       used 73359K, committed 73984K, reserved 1114112K
  class space    used 10599K, committed 10880K, reserved 1048576K
}
Event: 733.332 GC heap before
{Heap before GC invocations=30 (full 1):
 garbage-first heap   total 66560K, used 51700K [0x00000000c1600000, 0x0000000100000000)
  region size 1024K, 20 young (20480K), 2 survivors (2048K)
 Metaspace       used 73508K, committed 74112K, reserved 1114112K
  class space    used 10609K, committed 10880K, reserved 1048576K
}
Event: 733.370 GC heap after
{Heap after GC invocations=31 (full 1):
 garbage-first heap   total 66560K, used 36501K [0x00000000c1600000, 0x0000000100000000)
  region size 1024K, 3 young (3072K), 3 survivors (3072K)
 Metaspace       used 73508K, committed 74112K, reserved 1114112K
  class space    used 10609K, committed 10880K, reserved 1048576K
}
Event: 802.980 GC heap before
{Heap before GC invocations=31 (full 1):
 garbage-first heap   total 66560K, used 50837K [0x00000000c1600000, 0x0000000100000000)
  region size 1024K, 17 young (17408K), 3 survivors (3072K)
 Metaspace       used 73624K, committed 74240K, reserved 1114112K
  class space    used 10618K, committed 10880K, reserved 1048576K
}
Event: 805.135 GC heap after
{Heap after GC invocations=32 (full 1):
 garbage-first heap   total 81920K, used 38985K [0x00000000c1600000, 0x0000000100000000)
  region size 1024K, 3 young (3072K), 3 survivors (3072K)
 Metaspace       used 73624K, committed 74240K, reserved 1114112K
  class space    used 10618K, committed 10880K, reserved 1048576K
}
Event: 811.490 GC heap before
{Heap before GC invocations=32 (full 1):
 garbage-first heap   total 81920K, used 40009K [0x00000000c1600000, 0x0000000100000000)
  region size 1024K, 4 young (4096K), 3 survivors (3072K)
 Metaspace       used 73624K, committed 74240K, reserved 1114112K
  class space    used 10618K, committed 10880K, reserved 1048576K
}
Event: 812.015 GC heap after
{Heap after GC invocations=33 (full 1):
 garbage-first heap   total 81920K, used 39684K [0x00000000c1600000, 0x0000000100000000)
  region size 1024K, 1 young (1024K), 1 survivors (1024K)
 Metaspace       used 73624K, committed 74240K, reserved 1114112K
  class space    used 10618K, committed 10880K, reserved 1048576K
}
Event: 821.594 GC heap before
{Heap before GC invocations=33 (full 1):
 garbage-first heap   total 81920K, used 41732K [0x00000000c1600000, 0x0000000100000000)
  region size 1024K, 4 young (4096K), 1 survivors (1024K)
 Metaspace       used 73696K, committed 74304K, reserved 1114112K
  class space    used 10637K, committed 10880K, reserved 1048576K
}
Event: 821.859 GC heap after
{Heap after GC invocations=34 (full 1):
 garbage-first heap   total 81920K, used 39671K [0x00000000c1600000, 0x0000000100000000)
  region size 1024K, 1 young (1024K), 1 survivors (1024K)
 Metaspace       used 73696K, committed 74304K, reserved 1114112K
  class space    used 10637K, committed 10880K, reserved 1048576K
}
Event: 823.839 GC heap before
{Heap before GC invocations=34 (full 1):
 garbage-first heap   total 81920K, used 39671K [0x00000000c1600000, 0x0000000100000000)
  region size 1024K, 2 young (2048K), 1 survivors (1024K)
 Metaspace       used 73699K, committed 74304K, reserved 1114112K
  class space    used 10637K, committed 10880K, reserved 1048576K
}
Event: 825.088 GC heap after
{Heap after GC invocations=35 (full 2):
 garbage-first heap   total 81920K, used 27109K [0x00000000c1600000, 0x0000000100000000)
  region size 1024K, 0 young (0K), 0 survivors (0K)
 Metaspace       used 73601K, committed 74304K, reserved 1114112K
  class space    used 10615K, committed 10880K, reserved 1048576K
}
Event: 826.535 GC heap before
{Heap before GC invocations=35 (full 2):
 garbage-first heap   total 81920K, used 31205K [0x00000000c1600000, 0x0000000100000000)
  region size 1024K, 4 young (4096K), 0 survivors (0K)
 Metaspace       used 73603K, committed 74304K, reserved 1114112K
  class space    used 10616K, committed 10880K, reserved 1048576K
}
Event: 826.549 GC heap after
{Heap after GC invocations=36 (full 2):
 garbage-first heap   total 81920K, used 27866K [0x00000000c1600000, 0x0000000100000000)
  region size 1024K, 1 young (1024K), 1 survivors (1024K)
 Metaspace       used 73603K, committed 74304K, reserved 1114112K
  class space    used 10616K, committed 10880K, reserved 1048576K
}
Event: 827.349 GC heap before
{Heap before GC invocations=36 (full 2):
 garbage-first heap   total 81920K, used 30938K [0x00000000c1600000, 0x0000000100000000)
  region size 1024K, 4 young (4096K), 1 survivors (1024K)
 Metaspace       used 73603K, committed 74304K, reserved 1114112K
  class space    used 10616K, committed 10880K, reserved 1048576K
}
Event: 827.442 GC heap after
{Heap after GC invocations=37 (full 2):
 garbage-first heap   total 81920K, used 28240K [0x00000000c1600000, 0x0000000100000000)
  region size 1024K, 1 young (1024K), 1 survivors (1024K)
 Metaspace       used 73603K, committed 74304K, reserved 1114112K
  class space    used 10616K, committed 10880K, reserved 1048576K
}
Event: 828.431 GC heap before
{Heap before GC invocations=37 (full 2):
 garbage-first heap   total 81920K, used 32336K [0x00000000c1600000, 0x0000000100000000)
  region size 1024K, 5 young (5120K), 1 survivors (1024K)
 Metaspace       used 73628K, committed 74304K, reserved 1114112K
  class space    used 10621K, committed 10880K, reserved 1048576K
}

