# JRE version: Java(TM) SE Runtime Environment (17.0.12+8) (build 17.0.12+8-LTS-286)
# Java VM: Java HotSpot(TM) 64-Bit Server VM (17.0.12+8-LTS-286, mixed mode, sharing, tiered, compressed oops, compressed class ptrs, g1 gc, windows-amd64)
GC Precious Log:
 CPUs: 4 total, 4 available
 Memory: 4005M
 Large Page Support: Disabled
 NUMA Support: Disabled
 Compressed Oops: Enabled (32-bit)
 Heap Region Size: 1M
 Heap Min Capacity: 256M
 Heap Initial Capacity: 256M
 Heap Max Capacity: 512M
 Pre-touch: Disabled
 Parallel Workers: 4
 Concurrent Workers: 1
 Concurrent Refinement Workers: 4
 Periodic GC: Disabled
Heap:
 garbage-first heap   total 262144K, used 154116K [0x00000000e0000000, 0x0000000100000000)
  region size 1024K, 117 young (119808K), 2 survivors (2048K)
 Metaspace       used 53157K, committed 53760K, reserved 393216K
  class space    used 7502K, committed 7744K, reserved 327680K
GC Heap History (20 events):
Event: 13.872 GC heap before
{Heap before GC invocations=1 (full 0):
 garbage-first heap   total 262144K, used 21672K [0x00000000e0000000, 0x0000000100000000)
  region size 1024K, 20 young (20480K), 2 survivors (2048K)
 Metaspace       used 1507K, committed 1664K, reserved 393216K
  class space    used 126K, committed 192K, reserved 327680K
}
Event: 13.880 GC heap after
{Heap after GC invocations=2 (full 0):
 garbage-first heap   total 262144K, used 9717K [0x00000000e0000000, 0x0000000100000000)
  region size 1024K, 3 young (3072K), 3 survivors (3072K)
 Metaspace       used 1507K, committed 1664K, reserved 393216K
  class space    used 126K, committed 192K, reserved 327680K
}
Event: 73.456 GC heap before
{Heap before GC invocations=2 (full 0):
 garbage-first heap   total 262144K, used 165365K [0x00000000e0000000, 0x0000000100000000)
  region size 1024K, 153 young (156672K), 3 survivors (3072K)
 Metaspace       used 17706K, committed 18048K, reserved 393216K
  class space    used 2517K, committed 2688K, reserved 327680K
}
Event: 75.131 GC heap after
{Heap after GC invocations=3 (full 0):
 garbage-first heap   total 262144K, used 21661K [0x00000000e0000000, 0x0000000100000000)
  region size 1024K, 14 young (14336K), 14 survivors (14336K)
 Metaspace       used 17706K, committed 18048K, reserved 393216K
  class space    used 2517K, committed 2688K, reserved 327680K
}
Event: 75.406 GC heap before
{Heap before GC invocations=3 (full 0):
 garbage-first heap   total 262144K, used 22685K [0x00000000e0000000, 0x0000000100000000)
  region size 1024K, 15 young (15360K), 14 survivors (14336K)
 Metaspace       used 17830K, committed 18112K, reserved 393216K
  class space    used 2542K, committed 2688K, reserved 327680K
}
Event: 75.447 GC heap after
{Heap after GC invocations=4 (full 0):
 garbage-first heap   total 262144K, used 23111K [0x00000000e0000000, 0x0000000100000000)
  region size 1024K, 2 young (2048K), 2 survivors (2048K)
 Metaspace       used 17830K, committed 18112K, reserved 393216K
  class space    used 2542K, committed 2688K, reserved 327680K
}
Event: 77.016 GC heap before
{Heap before GC invocations=4 (full 0):
 garbage-first heap   total 262144K, used 32327K [0x00000000e0000000, 0x0000000100000000)
  region size 1024K, 12 young (12288K), 2 survivors (2048K)
 Metaspace       used 18944K, committed 19264K, reserved 393216K
  class space    used 2743K, committed 2880K, reserved 327680K
}
Event: 77.019 GC heap after
{Heap after GC invocations=5 (full 0):
 garbage-first heap   total 262144K, used 22482K [0x00000000e0000000, 0x0000000100000000)
  region size 1024K, 1 young (1024K), 1 survivors (1024K)
 Metaspace       used 18944K, committed 19264K, reserved 393216K
  class space    used 2743K, committed 2880K, reserved 327680K
}
Event: 81.716 GC heap before
{Heap before GC invocations=5 (full 0):
 garbage-first heap   total 262144K, used 41938K [0x00000000e0000000, 0x0000000100000000)
  region size 1024K, 21 young (21504K), 1 survivors (1024K)
 Metaspace       used 21144K, committed 21504K, reserved 393216K
  class space    used 3067K, committed 3264K, reserved 327680K
}
Event: 81.724 GC heap after
{Heap after GC invocations=6 (full 0):
 garbage-first heap   total 262144K, used 23856K [0x00000000e0000000, 0x0000000100000000)
  region size 1024K, 3 young (3072K), 3 survivors (3072K)
 Metaspace       used 21144K, committed 21504K, reserved 393216K
  class space    used 3067K, committed 3264K, reserved 327680K
}
Event: 96.651 GC heap before
{Heap before GC invocations=7 (full 0):
 garbage-first heap   total 262144K, used 73008K [0x00000000e0000000, 0x0000000100000000)
  region size 1024K, 51 young (52224K), 3 survivors (3072K)
 Metaspace       used 28738K, committed 29120K, reserved 393216K
  class space    used 4151K, committed 4352K, reserved 327680K
}
Event: 96.704 GC heap after
{Heap after GC invocations=8 (full 0):
 garbage-first heap   total 262144K, used 26736K [0x00000000e0000000, 0x0000000100000000)
  region size 1024K, 5 young (5120K), 5 survivors (5120K)
 Metaspace       used 28738K, committed 29120K, reserved 393216K
  class space    used 4151K, committed 4352K, reserved 327680K
}
Event: 98.230 GC heap before
{Heap before GC invocations=8 (full 0):
 garbage-first heap   total 262144K, used 33904K [0x00000000e0000000, 0x0000000100000000)
  region size 1024K, 12 young (12288K), 5 survivors (5120K)
 Metaspace       used 30060K, committed 30464K, reserved 393216K
  class space    used 4294K, committed 4480K, reserved 327680K
}
Event: 98.246 GC heap after
{Heap after GC invocations=9 (full 0):
 garbage-first heap   total 262144K, used 27464K [0x00000000e0000000, 0x0000000100000000)
  region size 1024K, 2 young (2048K), 2 survivors (2048K)
 Metaspace       used 30060K, committed 30464K, reserved 393216K
  class space    used 4294K, committed 4480K, reserved 327680K
}
Event: 114.437 GC heap before
{Heap before GC invocations=9 (full 0):
 garbage-first heap   total 262144K, used 94024K [0x00000000e0000000, 0x0000000100000000)
  region size 1024K, 64 young (65536K), 2 survivors (2048K)
 Metaspace       used 35718K, committed 36096K, reserved 393216K
  class space    used 4948K, committed 5120K, reserved 327680K
}
Event: 114.468 GC heap after
{Heap after GC invocations=10 (full 0):
 garbage-first heap   total 262144K, used 31832K [0x00000000e0000000, 0x0000000100000000)
  region size 1024K, 6 young (6144K), 6 survivors (6144K)
 Metaspace       used 35718K, committed 36096K, reserved 393216K
  class space    used 4948K, committed 5120K, reserved 327680K
}
Event: 137.172 GC heap before
{Heap before GC invocations=11 (full 0):
 garbage-first heap   total 262144K, used 102488K [0x00000000e0000000, 0x0000000100000000)
  region size 1024K, 75 young (76800K), 6 survivors (6144K)
 Metaspace       used 42672K, committed 43200K, reserved 393216K
  class space    used 6025K, committed 6272K, reserved 327680K
}
Event: 137.211 GC heap after
{Heap after GC invocations=12 (full 0):
 garbage-first heap   total 262144K, used 35369K [0x00000000e0000000, 0x0000000100000000)
  region size 1024K, 8 young (8192K), 8 survivors (8192K)
 Metaspace       used 42672K, committed 43200K, reserved 393216K
  class space    used 6025K, committed 6272K, reserved 327680K
}
Event: 137.948 GC heap before
{Heap before GC invocations=12 (full 0):
 garbage-first heap   total 262144K, used 39465K [0x00000000e0000000, 0x0000000100000000)
  region size 1024K, 12 young (12288K), 8 survivors (8192K)
 Metaspace       used 43064K, committed 43648K, reserved 393216K
  class space    used 6091K, committed 6336K, reserved 327680K
}
Event: 138.015 GC heap after
{Heap after GC invocations=13 (full 0):
 garbage-first heap   total 262144K, used 36356K [0x00000000e0000000, 0x0000000100000000)
  region size 1024K, 2 young (2048K), 2 survivors (2048K)
 Metaspace       used 43064K, committed 43648K, reserved 393216K
  class space    used 6091K, committed 6336K, reserved 327680K
}

