# JRE version: Java(TM) SE Runtime Environment (17.0.12+8) (build 17.0.12+8-LTS-286)
# Java VM: Java HotSpot(TM) 64-Bit Server VM (17.0.12+8-LTS-286, mixed mode, sharing, tiered, compressed oops, compressed class ptrs, g1 gc, windows-amd64)
GC Precious Log:
 CPUs: 4 total, 4 available
 Memory: 4005M
 Large Page Support: Disabled
 NUMA Support: Disabled
 Compressed Oops: Enabled (32-bit)
 Heap Region Size: 1M
 Heap Min Capacity: 256M
 Heap Initial Capacity: 256M
 Heap Max Capacity: 512M
 Pre-touch: Disabled
 Parallel Workers: 4
 Concurrent Workers: 1
 Concurrent Refinement Workers: 4
 Periodic GC: Disabled
Heap:
 garbage-first heap   total 262144K, used 158677K [0x00000000e0000000, 0x0000000100000000)
  region size 1024K, 58 young (59392K), 7 survivors (7168K)
 Metaspace       used 84058K, committed 85504K, reserved 458752K
  class space    used 11072K, committed 11712K, reserved 327680K
GC Heap History (20 events):
Event: 1902.938 GC heap before
{Heap before GC invocations=32 (full 0):
 garbage-first heap   total 262144K, used 214832K [0x00000000e0000000, 0x0000000100000000)
  region size 1024K, 128 young (131072K), 5 survivors (5120K)
 Metaspace       used 78681K, committed 79616K, reserved 458752K
  class space    used 10403K, committed 10816K, reserved 327680K
}
Event: 1902.992 GC heap after
{Heap after GC invocations=33 (full 0):
 garbage-first heap   total 262144K, used 89508K [0x00000000e0000000, 0x0000000100000000)
  region size 1024K, 6 young (6144K), 6 survivors (6144K)
 Metaspace       used 78681K, committed 79616K, reserved 458752K
  class space    used 10403K, committed 10816K, reserved 327680K
}
Event: 1968.577 GC heap before
{Heap before GC invocations=33 (full 0):
 garbage-first heap   total 262144K, used 215460K [0x00000000e0000000, 0x0000000100000000)
  region size 1024K, 129 young (132096K), 6 survivors (6144K)
 Metaspace       used 78811K, committed 79744K, reserved 458752K
  class space    used 10414K, committed 10816K, reserved 327680K
}
Event: 1968.705 GC heap after
{Heap after GC invocations=34 (full 0):
 garbage-first heap   total 262144K, used 90990K [0x00000000e0000000, 0x0000000100000000)
  region size 1024K, 7 young (7168K), 7 survivors (7168K)
 Metaspace       used 78811K, committed 79744K, reserved 458752K
  class space    used 10414K, committed 10816K, reserved 327680K
}
Event: 1997.020 GC heap before
{Heap before GC invocations=34 (full 0):
 garbage-first heap   total 262144K, used 215918K [0x00000000e0000000, 0x0000000100000000)
  region size 1024K, 129 young (132096K), 7 survivors (7168K)
 Metaspace       used 78882K, committed 79808K, reserved 458752K
  class space    used 10414K, committed 10816K, reserved 327680K
}
Event: 1997.082 GC heap after
{Heap after GC invocations=35 (full 0):
 garbage-first heap   total 262144K, used 93715K [0x00000000e0000000, 0x0000000100000000)
  region size 1024K, 10 young (10240K), 10 survivors (10240K)
 Metaspace       used 78882K, committed 79808K, reserved 458752K
  class space    used 10414K, committed 10816K, reserved 327680K
}
Event: 2060.866 GC heap before
{Heap before GC invocations=35 (full 0):
 garbage-first heap   total 262144K, used 213523K [0x00000000e0000000, 0x0000000100000000)
  region size 1024K, 127 young (130048K), 10 survivors (10240K)
 Metaspace       used 78956K, committed 79872K, reserved 458752K
  class space    used 10414K, committed 10816K, reserved 327680K
}
Event: 2060.992 GC heap after
{Heap after GC invocations=36 (full 0):
 garbage-first heap   total 262144K, used 90615K [0x00000000e0000000, 0x0000000100000000)
  region size 1024K, 6 young (6144K), 6 survivors (6144K)
 Metaspace       used 78956K, committed 79872K, reserved 458752K
  class space    used 10414K, committed 10816K, reserved 327680K
}
Event: 2097.714 GC heap before
{Heap before GC invocations=36 (full 0):
 garbage-first heap   total 262144K, used 213495K [0x00000000e0000000, 0x0000000100000000)
  region size 1024K, 126 young (129024K), 6 survivors (6144K)
 Metaspace       used 80657K, committed 81600K, reserved 458752K
  class space    used 10606K, committed 11008K, reserved 327680K
}
Event: 2097.845 GC heap after
{Heap after GC invocations=37 (full 0):
 garbage-first heap   total 262144K, used 92829K [0x00000000e0000000, 0x0000000100000000)
  region size 1024K, 7 young (7168K), 7 survivors (7168K)
 Metaspace       used 80657K, committed 81600K, reserved 458752K
  class space    used 10606K, committed 11008K, reserved 327680K
}
Event: 2170.101 GC heap before
{Heap before GC invocations=37 (full 0):
 garbage-first heap   total 262144K, used 212637K [0x00000000e0000000, 0x0000000100000000)
  region size 1024K, 125 young (128000K), 7 survivors (7168K)
 Metaspace       used 80731K, committed 81664K, reserved 458752K
  class space    used 10606K, committed 11008K, reserved 327680K
}
Event: 2170.223 GC heap after
{Heap after GC invocations=38 (full 0):
 garbage-first heap   total 262144K, used 90591K [0x00000000e0000000, 0x0000000100000000)
  region size 1024K, 6 young (6144K), 6 survivors (6144K)
 Metaspace       used 80731K, committed 81664K, reserved 458752K
  class space    used 10606K, committed 11008K, reserved 327680K
}
Event: 2180.763 GC heap before
{Heap before GC invocations=38 (full 0):
 garbage-first heap   total 262144K, used 214495K [0x00000000e0000000, 0x0000000100000000)
  region size 1024K, 127 young (130048K), 6 survivors (6144K)
 Metaspace       used 82136K, committed 83136K, reserved 458752K
  class space    used 10765K, committed 11200K, reserved 327680K
}
Event: 2180.952 GC heap after
{Heap after GC invocations=39 (full 0):
 garbage-first heap   total 262144K, used 105657K [0x00000000e0000000, 0x0000000100000000)
  region size 1024K, 16 young (16384K), 16 survivors (16384K)
 Metaspace       used 82136K, committed 83136K, reserved 458752K
  class space    used 10765K, committed 11200K, reserved 327680K
}
Event: 3413.190 GC heap before
{Heap before GC invocations=39 (full 0):
 garbage-first heap   total 262144K, used 160953K [0x00000000e0000000, 0x0000000100000000)
  region size 1024K, 71 young (72704K), 16 survivors (16384K)
 Metaspace       used 82533K, committed 83520K, reserved 458752K
  class space    used 10794K, committed 11200K, reserved 327680K
}
Event: 3413.556 GC heap after
{Heap after GC invocations=40 (full 0):
 garbage-first heap   total 262144K, used 104528K [0x00000000e0000000, 0x0000000100000000)
  region size 1024K, 4 young (4096K), 4 survivors (4096K)
 Metaspace       used 82533K, committed 83520K, reserved 458752K
  class space    used 10794K, committed 11200K, reserved 327680K
}
Event: 3420.276 GC heap before
{Heap before GC invocations=40 (full 0):
 garbage-first heap   total 262144K, used 185424K [0x00000000e0000000, 0x0000000100000000)
  region size 1024K, 84 young (86016K), 4 survivors (4096K)
 Metaspace       used 82541K, committed 83520K, reserved 458752K
  class space    used 10794K, committed 11200K, reserved 327680K
}
Event: 3420.321 GC heap after
{Heap after GC invocations=41 (full 0):
 garbage-first heap   total 262144K, used 107600K [0x00000000e0000000, 0x0000000100000000)
  region size 1024K, 7 young (7168K), 7 survivors (7168K)
 Metaspace       used 82541K, committed 83520K, reserved 458752K
  class space    used 10794K, committed 11200K, reserved 327680K
}
Event: 3464.382 GC heap before
{Heap before GC invocations=41 (full 0):
 garbage-first heap   total 262144K, used 212048K [0x00000000e0000000, 0x0000000100000000)
  region size 1024K, 109 young (111616K), 7 survivors (7168K)
 Metaspace       used 82593K, committed 83520K, reserved 458752K
  class space    used 10796K, committed 11200K, reserved 327680K
}
Event: 3464.508 GC heap after
{Heap after GC invocations=42 (full 0):
 garbage-first heap   total 262144K, used 107477K [0x00000000e0000000, 0x0000000100000000)
  region size 1024K, 7 young (7168K), 7 survivors (7168K)
 Metaspace       used 82593K, committed 83520K, reserved 458752K
  class space    used 10796K, committed 11200K, reserved 327680K
}

