# JRE version: Java(TM) SE Runtime Environment (17.0.12+8) (build 17.0.12+8-LTS-286)
# Java VM: Java HotSpot(TM) 64-Bit Server VM (17.0.12+8-LTS-286, mixed mode, sharing, tiered, compressed oops, compressed class ptrs, g1 gc, windows-amd64)
GC Precious Log:
 CPUs: 4 total, 4 available
 Memory: 4005M
 Large Page Support: Disabled
 NUMA Support: Disabled
 Compressed Oops: Enabled (32-bit)
 Heap Region Size: 1M
 Heap Min Capacity: 256M
 Heap Initial Capacity: 256M
 Heap Max Capacity: 512M
 Pre-touch: Disabled
 Parallel Workers: 4
 Concurrent Workers: 1
 Concurrent Refinement Workers: 4
 Periodic GC: Disabled
Heap:
 garbage-first heap   total 262144K, used 45244K [0x00000000e0000000, 0x0000000100000000)
  region size 1024K, 12 young (12288K), 11 survivors (11264K)
 Metaspace       used 53860K, committed 54464K, reserved 393216K
  class space    used 7619K, committed 7872K, reserved 327680K
GC Heap History (14 events):
Event: 1.278 GC heap before
{Heap before GC invocations=0 (full 0):
 garbage-first heap   total 262144K, used 13312K [0x00000000e0000000, 0x0000000100000000)
  region size 1024K, 13 young (13312K), 0 survivors (0K)
 Metaspace       used 778K, committed 896K, reserved 393216K
  class space    used 61K, committed 128K, reserved 327680K
}
Event: 1.286 GC heap after
{Heap after GC invocations=1 (full 0):
 garbage-first heap   total 262144K, used 1248K [0x00000000e0000000, 0x0000000100000000)
  region size 1024K, 2 young (2048K), 2 survivors (2048K)
 Metaspace       used 778K, committed 896K, reserved 393216K
  class space    used 61K, committed 128K, reserved 327680K
}
Event: 2.947 GC heap before
{Heap before GC invocations=1 (full 0):
 garbage-first heap   total 262144K, used 22752K [0x00000000e0000000, 0x0000000100000000)
  region size 1024K, 21 young (21504K), 2 survivors (2048K)
 Metaspace       used 1831K, committed 1984K, reserved 393216K
  class space    used 174K, committed 256K, reserved 327680K
}
Event: 2.954 GC heap after
{Heap after GC invocations=2 (full 0):
 garbage-first heap   total 262144K, used 9479K [0x00000000e0000000, 0x0000000100000000)
  region size 1024K, 3 young (3072K), 3 survivors (3072K)
 Metaspace       used 1831K, committed 1984K, reserved 393216K
  class space    used 174K, committed 256K, reserved 327680K
}
Event: 17.723 GC heap before
{Heap before GC invocations=2 (full 0):
 garbage-first heap   total 262144K, used 165127K [0x00000000e0000000, 0x0000000100000000)
  region size 1024K, 153 young (156672K), 3 survivors (3072K)
 Metaspace       used 17879K, committed 18240K, reserved 393216K
  class space    used 2564K, committed 2752K, reserved 327680K
}
Event: 17.787 GC heap after
{Heap after GC invocations=3 (full 0):
 garbage-first heap   total 262144K, used 21680K [0x00000000e0000000, 0x0000000100000000)
  region size 1024K, 14 young (14336K), 14 survivors (14336K)
 Metaspace       used 17879K, committed 18240K, reserved 393216K
  class space    used 2564K, committed 2752K, reserved 327680K
}
Event: 23.411 GC heap before
{Heap before GC invocations=3 (full 0):
 garbage-first heap   total 262144K, used 51376K [0x00000000e0000000, 0x0000000100000000)
  region size 1024K, 44 young (45056K), 14 survivors (14336K)
 Metaspace       used 21195K, committed 21504K, reserved 393216K
  class space    used 3078K, committed 3264K, reserved 327680K
}
Event: 23.487 GC heap after
{Heap after GC invocations=4 (full 0):
 garbage-first heap   total 262144K, used 24328K [0x00000000e0000000, 0x0000000100000000)
  region size 1024K, 3 young (3072K), 3 survivors (3072K)
 Metaspace       used 21195K, committed 21504K, reserved 393216K
  class space    used 3078K, committed 3264K, reserved 327680K
}
Event: 56.575 GC heap before
{Heap before GC invocations=5 (full 0):
 garbage-first heap   total 262144K, used 150280K [0x00000000e0000000, 0x0000000100000000)
  region size 1024K, 123 young (125952K), 3 survivors (3072K)
 Metaspace       used 35893K, committed 36288K, reserved 393216K
  class space    used 4968K, committed 5120K, reserved 327680K
}
Event: 56.736 GC heap after
{Heap after GC invocations=6 (full 0):
 garbage-first heap   total 262144K, used 32197K [0x00000000e0000000, 0x0000000100000000)
  region size 1024K, 11 young (11264K), 11 survivors (11264K)
 Metaspace       used 35893K, committed 36288K, reserved 393216K
  class space    used 4968K, committed 5120K, reserved 327680K
}
Event: 67.003 GC heap before
{Heap before GC invocations=7 (full 0):
 garbage-first heap   total 262144K, used 85445K [0x00000000e0000000, 0x0000000100000000)
  region size 1024K, 63 young (64512K), 11 survivors (11264K)
 Metaspace       used 41266K, committed 41792K, reserved 393216K
  class space    used 5832K, committed 6080K, reserved 327680K
}
Event: 67.057 GC heap after
{Heap after GC invocations=8 (full 0):
 garbage-first heap   total 262144K, used 34876K [0x00000000e0000000, 0x0000000100000000)
  region size 1024K, 4 young (4096K), 4 survivors (4096K)
 Metaspace       used 41266K, committed 41792K, reserved 393216K
  class space    used 5832K, committed 6080K, reserved 327680K
}
Event: 67.949 GC heap before
{Heap before GC invocations=8 (full 0):
 garbage-first heap   total 262144K, used 43068K [0x00000000e0000000, 0x0000000100000000)
  region size 1024K, 12 young (12288K), 4 survivors (4096K)
 Metaspace       used 41863K, committed 42432K, reserved 393216K
  class space    used 5926K, committed 6208K, reserved 327680K
}
Event: 67.981 GC heap after
{Heap after GC invocations=9 (full 0):
 garbage-first heap   total 262144K, used 35542K [0x00000000e0000000, 0x0000000100000000)
  region size 1024K, 1 young (1024K), 1 survivors (1024K)
 Metaspace       used 41863K, committed 42432K, reserved 393216K
  class space    used 5926K, committed 6208K, reserved 327680K
}

